<?xml version="1.0" encoding="UTF-8"?>
<testng-results skipped="0" failed="0" ignored="0" total="3" passed="3">
  <reporter-output>
  </reporter-output>
  <suite name="Default suite" duration-ms="41667" started-at="2019-02-11T11:25:53Z" finished-at="2019-02-11T11:26:35Z">
    <groups>
    </groups>
    <test name="Default test" duration-ms="41667" started-at="2019-02-11T11:25:53Z" finished-at="2019-02-11T11:26:35Z">
      <class name="com.training.functional.tests.giveAccessToMultipleUsers">
        <test-method status="PASS" signature="setUpBeforeClass()[pri:0, instance:com.training.functional.tests.giveAccessToMultipleUsers@3bfdc050]" name="setUpBeforeClass" is-config="true" duration-ms="10480" started-at="2019-02-11T11:25:53Z" finished-at="2019-02-11T11:26:04Z">
          <reporter-output>
          </reporter-output>
        </test-method> <!-- setUpBeforeClass -->
        <test-method status="PASS" signature="cytc_003(java.lang.String)[pri:0, instance:com.training.functional.tests.giveAccessToMultipleUsers@3bfdc050]" name="cytc_003" duration-ms="9146" started-at="2019-02-11T11:26:05Z" data-provider="test-data" finished-at="2019-02-11T11:26:14Z">
          <params>
            <param index="0">
              <value>
                <![CDATA[manzoor3]]>
              </value>
            </param>
          </params>
          <reporter-output>
          </reporter-output>
        </test-method> <!-- cytc_003 -->
        <test-method status="PASS" signature="cytc_003(java.lang.String)[pri:0, instance:com.training.functional.tests.giveAccessToMultipleUsers@3bfdc050]" name="cytc_003" duration-ms="8565" started-at="2019-02-11T11:26:14Z" data-provider="test-data" finished-at="2019-02-11T11:26:22Z">
          <params>
            <param index="0">
              <value>
                <![CDATA[alex3]]>
              </value>
            </param>
          </params>
          <reporter-output>
          </reporter-output>
        </test-method> <!-- cytc_003 -->
        <test-method status="PASS" signature="cytc_003(java.lang.String)[pri:0, instance:com.training.functional.tests.giveAccessToMultipleUsers@3bfdc050]" name="cytc_003" duration-ms="8680" started-at="2019-02-11T11:26:22Z" data-provider="test-data" finished-at="2019-02-11T11:26:31Z">
          <params>
            <param index="0">
              <value>
                <![CDATA[mariya3]]>
              </value>
            </param>
          </params>
          <reporter-output>
          </reporter-output>
        </test-method> <!-- cytc_003 -->
        <test-method status="PASS" signature="afterMethod()[pri:0, instance:com.training.functional.tests.giveAccessToMultipleUsers@3bfdc050]" name="afterMethod" is-config="true" duration-ms="3890" started-at="2019-02-11T11:26:31Z" finished-at="2019-02-11T11:26:35Z">
          <reporter-output>
          </reporter-output>
        </test-method> <!-- afterMethod -->
      </class> <!-- com.training.functional.tests.giveAccessToMultipleUsers -->
    </test> <!-- Default test -->
  </suite> <!-- Default suite -->
</testng-results>
