<?xml version="1.0" encoding="UTF-8"?>
<!-- Generated by org.testng.reporters.JUnitXMLReporter -->
<testsuite hostname="DESKTOP-8HHAR7I" ignored="0" name="Default test" tests="5" failures="0" timestamp="24 Jan 2019 06:05:39 GMT" time="117.236" errors="0">
  <testcase name="cytc_001" time="27.763" classname="com.training.functional.tests.CYTC_001"/>
  <testcase name="cytc_002" time="10.06" classname="com.training.functional.tests.CYTC_002"/>
  <testcase name="cytc_003" time="13.229" classname="com.training.functional.tests.CYTC_003"/>
  <testcase name="cytc_004" time="8.275" classname="com.training.functional.tests.CYTC_004"/>
  <testcase name="cytc_005" time="14.482" classname="com.training.functional.tests.CYTC_005"/>
</testsuite> <!-- Default test -->
