<?xml version="1.0" encoding="UTF-8"?>
<!-- Generated by org.testng.reporters.JUnitXMLReporter -->
<testsuite hostname="DESKTOP-8HHAR7I" ignored="0" name="Default test" tests="5" failures="0" timestamp="01 Feb 2019 07:50:25 GMT" time="146.489" errors="0">
  <testcase name="cytc_031" time="28.478" classname="com.training.functional.tests.CYTC_031"/>
  <testcase name="cytc_032" time="19.621" classname="com.training.functional.tests.CYTC_032"/>
  <testcase name="cytc_033" time="20.919" classname="com.training.functional.tests.CYTC_033"/>
  <testcase name="cytc_034" time="23.342" classname="com.training.functional.tests.CYTC_034"/>
  <testcase name="cytc_035" time="10.387" classname="com.training.functional.tests.CYTC_035"/>
</testsuite> <!-- Default test -->
